{"name": "test_validLogin", "status": "failed", "statusDetails": {"message": "AssertionError", "trace": "self = <tests.home.test_login.TestLogin testMethod=test_validLogin>\n\n    @allure.severity(allure.severity_level.CRITICAL)\n    @pytest.mark.run(order=1)\n    def test_validLogin(self):\n        self.log.info(\"test_validLogin Test is started\")\n        self.ll.login(\"test@email.com\",\"abcabc\")\n        result=self.ll.verifyLoginSuccessfull()\n>       self.ts.markFinal(\"test_validLogin\",result,\"User Able to Login\")\n\ntests\\home\\test_login.py:28: \n_ _ _ _ _ _ _ _ _ _ _ _ _ _ _ _ _ _ _ _ _ _ _ _ _ _ _ _ _ _ _ _ _ _ _ _ _ _ _ _ _ _ _ _ _ _ _ _ _ _ _ _ _ _ _ _ _ _ _ _ _ _ _ _ _ _ _ _ _ _ _ _ _ _ _ _ _ _ _ _ _ _ _ _ _ _ _ _ \n\nself = <utilities.teststatus.TestStatus object at 0x0430B310>, testName = 'test_validLogin', result = False, resultMessage = 'User Able to Login'\n\n    def markFinal(self, testName, result, resultMessage):\n        \"\"\"\n        Mark the final result of the verification point in a test case\n        This needs to be called at least once in a test case\n        This should be final test status of the test case\n        \"\"\"\n        self.setResult(result, resultMessage)\n    \n        if \"FAIL\" in self.resultList:\n            self.log.error(testName +  \" ### TEST FAILED\")\n            self.resultList.clear()\n>           assert True == False\nE           AssertionError\n\nutilities\\teststatus.py:63: AssertionError"}, "attachments": [{"name": " ", "source": "c7b78444-bed3-49a5-94e3-5eb633b6a6ce-attachment.png", "type": "image/png"}, {"name": "log", "source": "19e4442c-08f4-4523-a7db-627bcad0dd9f-attachment.txt", "type": "text/plain"}], "start": 1589014625485, "stop": 1589014655543, "uuid": "380ddf05-c9b8-4436-bb34-d1fc53107dfc", "historyId": "d8b83b6b330a63c153d70aeff9df9e22", "testCaseId": "efdd6fe196cd15e4a46e914b28bd9988", "fullName": "tests.home.test_login.TestLogin#test_validLogin", "labels": [{"name": "severity", "value": "critical"}, {"name": "parentSuite", "value": "tests.home"}, {"name": "suite", "value": "test_login"}, {"name": "subSuite", "value": "TestLogin"}, {"name": "host", "value": "del1-lhp-N01966"}, {"name": "thread", "value": "32136-MainThread"}, {"name": "framework", "value": "pytest"}, {"name": "language", "value": "cpython3"}, {"name": "package", "value": "tests.home.test_login"}]}